<?xml version='1.0' encoding='UTF-8'?>
<testsuite hostname="15a700106bef" name="GradeSchoolTest" tests="7" errors="0" failures="0" skipped="6" time="0.09" timestamp="2021-07-25T13:29:19">
          <properties>
      <property name="jline.esc.timeout" value="0"/><property name="jna.platform.library.path" value="/usr/lib/x86_64-linux-gnu:/lib/x86_64-linux-gnu:/lib64:/usr/lib:/lib:/usr/local/openjdk-8/lib/amd64/jli:/usr/local/openjdk-8/lib/amd64"/><property name="java.runtime.name" value="OpenJDK Runtime Environment"/><property name="sun.boot.library.path" value="/usr/local/openjdk-8/jre/lib/amd64"/><property name="java.vm.version" value="25.292-b10"/><property name="java.vm.vendor" value="Oracle Corporation"/><property name="java.vendor.url" value="http://java.oracle.com/"/><property name="path.separator" value=":"/><property name="jna.loaded" value="true"/><property name="java.vm.name" value="OpenJDK 64-Bit Server VM"/><property name="file.encoding.pkg" value="sun.io"/><property name="sun.java.launcher" value="SUN_STANDARD"/><property name="sun.os.patch.level" value="unknown"/><property name="jna.nosys" value="true"/><property name="java.vm.specification.name" value="Java Virtual Machine Specification"/><property name="user.dir" value="/app/grade-school"/><property name="java.runtime.version" value="1.8.0_292-b10"/><property name="java.awt.graphicsenv" value="sun.awt.X11GraphicsEnvironment"/><property name="java.endorsed.dirs" value="/usr/local/openjdk-8/jre/lib/endorsed"/><property name="os.arch" value="amd64"/><property name="java.io.tmpdir" value="/tmp"/><property name="line.separator" value="
"/><property name="java.vm.specification.vendor" value="Oracle Corporation"/><property name="log4j.ignoreTCL" value="true"/><property name="os.name" value="Linux"/><property name="sun.jnu.encoding" value="UTF-8"/><property name="jnidispatch.path" value="/root/.cache/JNA/temp/jna3381676905260130867.tmp"/><property name="java.library.path" value="/usr/java/packages/lib/amd64:/usr/lib64:/lib64:/lib:/usr/lib"/><property name="java.specification.name" value="Java Platform API Specification"/><property name="java.class.version" value="52.0"/><property name="sun.management.compiler" value="HotSpot 64-Bit Tiered Compilers"/><property name="os.version" value="4.19.128-microsoft-standard"/><property name="swoval.tmpdir" value="/root/.sbt/1.0"/><property name="user.home" value="/root"/><property name="user.timezone" value="Etc/UTC"/><property name="java.awt.printerjob" value="sun.print.PSPrinterJob"/><property name="file.encoding" value="UTF-8"/><property name="java.specification.version" value="1.8"/><property name="java.class.path" value="/root/.cache/sbt/boot/sbt-launch/1.5.4/sbt-launch-1.5.4.jar"/><property name="user.name" value="root"/><property name="jline.shutdownhook" value="false"/><property name="java.vm.specification.version" value="1.8"/><property name="sun.java.command" value="/root/.cache/sbt/boot/sbt-launch/1.5.4/sbt-launch-1.5.4.jar test"/><property name="java.home" value="/usr/local/openjdk-8/jre"/><property name="sun.arch.data.model" value="64"/><property name="user.language" value="en"/><property name="java.specification.vendor" value="Oracle Corporation"/><property name="awt.toolkit" value="sun.awt.X11.XToolkit"/><property name="java.vm.info" value="mixed mode"/><property name="java.version" value="1.8.0_292"/><property name="java.ext.dirs" value="/usr/local/openjdk-8/jre/lib/ext:/usr/java/packages/lib/ext"/><property name="sun.boot.class.path" value="/usr/local/openjdk-8/jre/lib/resources.jar:/usr/local/openjdk-8/jre/lib/rt.jar:/usr/local/openjdk-8/jre/lib/sunrsasign.jar:/usr/local/openjdk-8/jre/lib/jsse.jar:/usr/local/openjdk-8/jre/lib/jce.jar:/usr/local/openjdk-8/jre/lib/charsets.jar:/usr/local/openjdk-8/jre/lib/jfr.jar:/usr/local/openjdk-8/jre/classes"/><property name="java.vendor" value="Oracle Corporation"/><property name="file.separator" value="/"/><property name="java.vendor.url.bug" value="http://bugreport.sun.com/bugreport/"/><property name="sun.io.unicode.encoding" value="UnicodeLittle"/><property name="sun.cpu.endian" value="little"/><property name="sun.cpu.isalist" value=""/>
    </properties>
          <testcase classname="GradeSchoolTest" name="empty school" time="0.08">
                      
                    </testcase><testcase classname="GradeSchoolTest" name="add student" time="0.006">
                      <skipped/>
                    </testcase><testcase classname="GradeSchoolTest" name="add more students in same class" time="0.001">
                      <skipped/>
                    </testcase><testcase classname="GradeSchoolTest" name="add students to different grades" time="0.001">
                      <skipped/>
                    </testcase><testcase classname="GradeSchoolTest" name="get students in a grade" time="0.001">
                      <skipped/>
                    </testcase><testcase classname="GradeSchoolTest" name="get students in a non-existent grade" time="0.0">
                      <skipped/>
                    </testcase><testcase classname="GradeSchoolTest" name="sort school" time="0.001">
                      <skipped/>
                    </testcase>
          <system-out><![CDATA[]]></system-out>
          <system-err><![CDATA[]]></system-err>
        </testsuite>